2025-06-16T23:31:02.008463563Z 172.18.0.95 - - [16/Jun/2025:23:31:02 +0000] "GET /admin HTTP/1.1" 200 129617 "https://dashboard.hackclub.com/club-dashboard/113" "Mozilla/5.0 (Windows NT 10.0; Win64; x64) AppleWebKit/537.36 (KHTML, like Gecko) Chrome/137.0.0.0 Safari/537.36" 56057
2025-06-16T23:31:02.043775666Z 172.18.0.95 - - [16/Jun/2025:23:31:02 +0000] "GET /static/assets/logo-rounded.png HTTP/1.1" 304 0 "https://dashboard.hackclub.com/admin" "Mozilla/5.0 (Windows NT 10.0; Win64; x64) AppleWebKit/537.36 (KHTML, like Gecko) Chrome/137.0.0.0 Safari/537.36" 1444
2025-06-16T23:31:02.082937036Z 172.18.0.95 - - [16/Jun/2025:23:31:02 +0000] "GET /static/assets/logo-rounded.png HTTP/1.1" 304 0 "https://dashboard.hackclub.com/admin" "Mozilla/5.0 (Windows NT 10.0; Win64; x64) AppleWebKit/537.36 (KHTML, like Gecko) Chrome/137.0.0.0 Safari/537.36" 1179
2025-06-16T23:31:02.477956629Z 172.18.0.95 - - [16/Jun/2025:23:31:02 +0000] "GET /admin HTTP/1.1" 200 129617 "https://dashboard.hackclub.com/club-dashboard/113" "Mozilla/5.0 (Windows NT 10.0; Win64; x64) AppleWebKit/537.36 (KHTML, like Gecko) Chrome/137.0.0.0 Safari/537.36" 18656
2025-06-16T23:31:02.510727525Z 172.18.0.95 - - [16/Jun/2025:23:31:02 +0000] "GET /static/assets/logo-rounded.png HTTP/1.1" 304 0 "https://dashboard.hackclub.com/admin" "Mozilla/5.0 (Windows NT 10.0; Win64; x64) AppleWebKit/537.36 (KHTML, like Gecko) Chrome/137.0.0.0 Safari/537.36" 1332
2025-06-16T23:31:02.543511174Z 172.18.0.95 - - [16/Jun/2025:23:31:02 +0000] "GET /static/assets/logo-rounded.png HTTP/1.1" 304 0 "https://dashboard.hackclub.com/admin" "Mozilla/5.0 (Windows NT 10.0; Win64; x64) AppleWebKit/537.36 (KHTML, like Gecko) Chrome/137.0.0.0 Safari/537.36" 1297
2025-06-16T23:31:02.978582979Z 172.18.0.95 - - [16/Jun/2025:23:31:02 +0000] "GET /admin HTTP/1.1" 200 129617 "https://dashboard.hackclub.com/club-dashboard/113" "Mozilla/5.0 (Windows NT 10.0; Win64; x64) AppleWebKit/537.36 (KHTML, like Gecko) Chrome/137.0.0.0 Safari/537.36" 61417
2025-06-16T23:31:03.016552164Z 172.18.0.95 - - [16/Jun/2025:23:31:03 +0000] "GET /static/assets/logo-rounded.png HTTP/1.1" 304 0 "https://dashboard.hackclub.com/admin" "Mozilla/5.0 (Windows NT 10.0; Win64; x64) AppleWebKit/537.36 (KHTML, like Gecko) Chrome/137.0.0.0 Safari/537.36" 1234
2025-06-16T23:31:03.045056717Z 172.18.0.95 - - [16/Jun/2025:23:31:03 +0000] "GET /static/assets/logo-rounded.png HTTP/1.1" 304 0 "https://dashboard.hackclub.com/admin" "Mozilla/5.0 (Windows NT 10.0; Win64; x64) AppleWebKit/537.36 (KHTML, like Gecko) Chrome/137.0.0.0 Safari/537.36" 1296
2025-06-16T23:31:04.093577265Z 172.18.0.95 - - [16/Jun/2025:23:31:04 +0000] "GET /api/admin/apikeys HTTP/1.1" 200 16 "https://dashboard.hackclub.com/admin" "Mozilla/5.0 (Windows NT 10.0; Win64; x64) AppleWebKit/537.36 (KHTML, like Gecko) Chrome/137.0.0.0 Safari/537.36" 5154
2025-06-16T23:31:04.095464975Z 172.18.0.95 - - [16/Jun/2025:23:31:04 +0000] "GET /api/admin/oauthapps HTTP/1.1" 200 42 "https://dashboard.hackclub.com/admin" "Mozilla/5.0 (Windows NT 10.0; Win64; x64) AppleWebKit/537.36 (KHTML, like Gecko) Chrome/137.0.0.0 Safari/537.36" 7629
2025-06-16T23:31:17.917790130Z 172.18.0.95 - - [16/Jun/2025:23:31:17 +0000] "GET /api/docs HTTP/1.1" 200 61730 "https://dashboard.hackclub.com/admin" "Mozilla/5.0 (Windows NT 10.0; Win64; x64) AppleWebKit/537.36 (KHTML, like Gecko) Chrome/137.0.0.0 Safari/537.36" 16145
2025-06-16T23:31:18.023201785Z 172.18.0.95 - - [16/Jun/2025:23:31:18 +0000] "GET /static/assets/logo-rounded.png HTTP/1.1" 304 0 "https://dashboard.hackclub.com/api/docs" "Mozilla/5.0 (Windows NT 10.0; Win64; x64) AppleWebKit/537.36 (KHTML, like Gecko) Chrome/137.0.0.0 Safari/537.36" 1094
2025-06-16T23:31:46.843186752Z 172.18.0.95 - - [16/Jun/2025:23:31:46 +0000] "GET /api/docs HTTP/1.1" 200 61151 "-" "Slackbot-LinkExpanding 1.0 (+https://api.slack.com/robots)" 1574
2025-06-16T23:31:46.902854449Z 172.18.0.95 - - [16/Jun/2025:23:31:46 +0000] "GET /static/assets/logo-rounded.png HTTP/1.1" 200 0 "-" "Slackbot 1.0 (+https://api.slack.com/robots)" 1336
2025-06-16T23:31:52.701578392Z 172.18.0.95 - - [16/Jun/2025:23:31:52 +0000] "GET /api/docs HTTP/1.1" 200 61730 "-" "Mozilla/5.0 (Macintosh; Intel Mac OS X 10_15_7) AppleWebKit/537.36 (KHTML, like Gecko) Chrome/137.0.0.0 Safari/537.36" 12697
2025-06-16T23:31:53.314388319Z 172.18.0.95 - - [16/Jun/2025:23:31:53 +0000] "GET /static/assets/logo-rounded.png HTTP/1.1" 200 0 "https://dashboard.hackclub.com/api/docs" "Mozilla/5.0 (Macintosh; Intel Mac OS X 10_15_7) AppleWebKit/537.36 (KHTML, like Gecko) Chrome/137.0.0.0 Safari/537.36" 1605
2025-06-16T23:39:23.941372750Z 172.18.0.95 - - [16/Jun/2025:23:39:23 +0000] "GET / HTTP/1.1" 200 37457 "-" "Mozilla/5.0 (X11; Linux x86_64; rv:139.0) Gecko/20100101 Firefox/139.0" 7697
2025-06-16T23:39:24.007585749Z 172.18.0.95 - - [16/Jun/2025:23:39:24 +0000] "GET /static/assets/parts.png HTTP/1.1" 200 0 "https://dashboard.hackclub.com/" "Mozilla/5.0 (X11; Linux x86_64; rv:139.0) Gecko/20100101 Firefox/139.0" 1191
2025-06-16T23:39:24.007882245Z 172.18.0.95 - - [16/Jun/2025:23:39:24 +0000] "GET /static/assets/logo-rounded.png HTTP/1.1" 200 0 "https://dashboard.hackclub.com/" "Mozilla/5.0 (X11; Linux x86_64; rv:139.0) Gecko/20100101 Firefox/139.0" 1431
2025-06-16T23:39:24.008809675Z 172.18.0.95 - - [16/Jun/2025:23:39:24 +0000] "GET /static/assets/find.png HTTP/1.1" 200 0 "https://dashboard.hackclub.com/" "Mozilla/5.0 (X11; Linux x86_64; rv:139.0) Gecko/20100101 Firefox/139.0" 885
2025-06-16T23:39:24.009326294Z 172.18.0.95 - - [16/Jun/2025:23:39:24 +0000] "GET /static/assets/orpheus-skateboarding-PCB.png HTTP/1.1" 200 0 "https://dashboard.hackclub.com/" "Mozilla/5.0 (X11; Linux x86_64; rv:139.0) Gecko/20100101 Firefox/139.0" 1038
2025-06-16T23:39:24.009912274Z 172.18.0.95 - - [16/Jun/2025:23:39:24 +0000] "GET /static/assets/orpheus-having-boba.png HTTP/1.1" 200 0 "https://dashboard.hackclub.com/" "Mozilla/5.0 (X11; Linux x86_64; rv:139.0) Gecko/20100101 Firefox/139.0" 784
2025-06-16T23:39:24.011023438Z 172.18.0.95 - - [16/Jun/2025:23:39:24 +0000] "GET /static/assets/Rummage.png HTTP/1.1" 200 0 "https://dashboard.hackclub.com/" "Mozilla/5.0 (X11; Linux x86_64; rv:139.0) Gecko/20100101 Firefox/139.0" 851
2025-06-16T23:39:24.011966098Z 172.18.0.95 - - [16/Jun/2025:23:39:24 +0000] "GET /static/assets/orphmoji_peefest.png HTTP/1.1" 200 0 "https://dashboard.hackclub.com/" "Mozilla/5.0 (X11; Linux x86_64; rv:139.0) Gecko/20100101 Firefox/139.0" 2124
2025-06-16T23:39:24.013665005Z 172.18.0.95 - - [16/Jun/2025:23:39:24 +0000] "GET /static/assets/orphmoji_scared.png HTTP/1.1" 200 0 "https://dashboard.hackclub.com/" "Mozilla/5.0 (X11; Linux x86_64; rv:139.0) Gecko/20100101 Firefox/139.0" 2286
2025-06-16T23:39:24.013986568Z 172.18.0.95 - - [16/Jun/2025:23:39:24 +0000] "GET /static/assets/hackers,_assemble!.png HTTP/1.1" 200 0 "https://dashboard.hackclub.com/" "Mozilla/5.0 (X11; Linux x86_64; rv:139.0) Gecko/20100101 Firefox/139.0" 1706
2025-06-16T23:39:24.014519258Z 172.18.0.95 - - [16/Jun/2025:23:39:24 +0000] "GET /static/assets/flag-orpheus-left.png HTTP/1.1" 200 0 "https://dashboard.hackclub.com/" "Mozilla/5.0 (X11; Linux x86_64; rv:139.0) Gecko/20100101 Firefox/139.0" 573
2025-06-16T23:46:21.826875558Z [2025-06-16 23:46:21,826] ERROR in main: Error getting current user: (psycopg2.OperationalError) server closed the connection unexpectedly
2025-06-16T23:46:21.826905775Z 	This probably means the server terminated abnormally
2025-06-16T23:46:21.826912127Z 	before or while processing the request.
2025-06-16T23:46:21.826917436Z 
2025-06-16T23:46:21.826922226Z [SQL: SELECT "user".id AS user_id, "user".username AS user_username, "user".email AS user_email, "user".password_hash AS user_password_hash, "user".first_name AS user_first_name, "user".last_name AS user_last_name, "user".birthday AS user_birthday, "user".created_at AS user_created_at, "user".last_login AS user_last_login, "user".is_admin AS user_is_admin, "user".is_suspended AS user_is_suspended, "user".hackatime_api_key AS user_hackatime_api_key, "user".slack_user_id AS user_slack_user_id 
2025-06-16T23:46:21.826929619Z FROM "user" 
2025-06-16T23:46:21.826934629Z WHERE "user".id = %(pk_1)s]
2025-06-16T23:46:21.826939528Z [parameters: {'pk_1': 4}]
2025-06-16T23:46:21.826944517Z (Background on this error at: https://sqlalche.me/e/20/e3q8)
2025-06-16T23:46:21.856167301Z 172.18.0.95 - - [16/Jun/2025:23:46:21 +0000] "POST /api/admin/oauthapps HTTP/1.1" 200 216 "https://dashboard.hackclub.com/admin" "Mozilla/5.0 (Windows NT 10.0; Win64; x64) AppleWebKit/537.36 (KHTML, like Gecko) Chrome/137.0.0.0 Safari/537.36" 31620
2025-06-16T23:46:21.882861260Z 172.18.0.95 - - [16/Jun/2025:23:46:21 +0000] "GET /api/admin/oauthapps HTTP/1.1" 200 950 "https://dashboard.hackclub.com/admin" "Mozilla/5.0 (Windows NT 10.0; Win64; x64) AppleWebKit/537.36 (KHTML, like Gecko) Chrome/137.0.0.0 Safari/537.36" 5072
2025-06-16T23:49:18.770359789Z 172.18.0.95 - - [16/Jun/2025:23:49:18 +0000] "OPTIONS /oauth/authorize?client_id=QoU9XofZ_8CV5AFoI3ZxWdcF3r5NO6ZrYjGvFiMIwoE&redirect_uri=https%3A%2F%2F85b90c53-5a0c-4e2d-81a1-e85cd83a9551-00-gjhr8sw76m3f.picard.replit.dev%2Fapi%2Fauth%2Fhackclub%2Fcallback&response_type=code&scope=clubs%3Aread+users%3Aread+projects%3Aread&state=zdsrqe HTTP/1.1" 200 0 "https://85b90c53-5a0c-4e2d-81a1-e85cd83a9551-00-gjhr8sw76m3f.picard.replit.dev/" "Mozilla/5.0 (Windows NT 10.0; Win64; x64) AppleWebKit/537.36 (KHTML, like Gecko) Chrome/137.0.0.0 Safari/537.36" 813
2025-06-16T23:49:19.065241641Z 172.18.0.95 - - [16/Jun/2025:23:49:19 +0000] "GET /oauth/authorize?client_id=QoU9XofZ_8CV5AFoI3ZxWdcF3r5NO6ZrYjGvFiMIwoE&redirect_uri=https%3A%2F%2F85b90c53-5a0c-4e2d-81a1-e85cd83a9551-00-gjhr8sw76m3f.picard.replit.dev%2Fapi%2Fauth%2Fhackclub%2Fcallback&response_type=code&scope=clubs%3Aread+users%3Aread+projects%3Aread&state=ggfhlh HTTP/1.1" 200 23039 "https://85b90c53-5a0c-4e2d-81a1-e85cd83a9551-00-gjhr8sw76m3f.picard.replit.dev/" "Mozilla/5.0 (Windows NT 10.0; Win64; x64) AppleWebKit/537.36 (KHTML, like Gecko) Chrome/137.0.0.0 Safari/537.36" 16150
2025-06-16T23:49:19.129222238Z 172.18.0.95 - - [16/Jun/2025:23:49:19 +0000] "GET /static/assets/logo-rounded.png HTTP/1.1" 304 0 "https://dashboard.hackclub.com/oauth/authorize?client_id=QoU9XofZ_8CV5AFoI3ZxWdcF3r5NO6ZrYjGvFiMIwoE&redirect_uri=https%3A%2F%2F85b90c53-5a0c-4e2d-81a1-e85cd83a9551-00-gjhr8sw76m3f.picard.replit.dev%2Fapi%2Fauth%2Fhackclub%2Fcallback&response_type=code&scope=clubs%3Aread+users%3Aread+projects%3Aread&state=ggfhlh" "Mozilla/5.0 (Windows NT 10.0; Win64; x64) AppleWebKit/537.36 (KHTML, like Gecko) Chrome/137.0.0.0 Safari/537.36" 1291
2025-06-16T23:49:19.194823756Z 172.18.0.95 - - [16/Jun/2025:23:49:19 +0000] "GET /static/assets/Dinos.jpg HTTP/1.1" 200 0 "https://dashboard.hackclub.com/oauth/authorize?client_id=QoU9XofZ_8CV5AFoI3ZxWdcF3r5NO6ZrYjGvFiMIwoE&redirect_uri=https%3A%2F%2F85b90c53-5a0c-4e2d-81a1-e85cd83a9551-00-gjhr8sw76m3f.picard.replit.dev%2Fapi%2Fauth%2Fhackclub%2Fcallback&response_type=code&scope=clubs%3Aread+users%3Aread+projects%3Aread&state=ggfhlh" "Mozilla/5.0 (Windows NT 10.0; Win64; x64) AppleWebKit/537.36 (KHTML, like Gecko) Chrome/137.0.0.0 Safari/537.36" 6047
2025-06-16T23:49:35.876668062Z 172.18.0.95 - - [16/Jun/2025:23:49:35 +0000] "OPTIONS /oauth/authorize?client_id=QoU9XofZ_8CV5AFoI3ZxWdcF3r5NO6ZrYjGvFiMIwoE&redirect_uri=https%3A%2F%2F85b90c53-5a0c-4e2d-81a1-e85cd83a9551-00-gjhr8sw76m3f.picard.replit.dev%2Fapi%2Fauth%2Fhackclub%2Fcallback&response_type=code&scope=clubs%3Aread+users%3Aread+projects%3Aread&state=u06rc8 HTTP/1.1" 200 0 "https://85b90c53-5a0c-4e2d-81a1-e85cd83a9551-00-gjhr8sw76m3f.picard.replit.dev/" "Mozilla/5.0 (Windows NT 10.0; Win64; x64) AppleWebKit/537.36 (KHTML, like Gecko) Chrome/137.0.0.0 Safari/537.36" 666
2025-06-16T23:49:36.038552180Z 172.18.0.95 - - [16/Jun/2025:23:49:36 +0000] "GET /oauth/authorize?client_id=QoU9XofZ_8CV5AFoI3ZxWdcF3r5NO6ZrYjGvFiMIwoE&redirect_uri=https%3A%2F%2F85b90c53-5a0c-4e2d-81a1-e85cd83a9551-00-gjhr8sw76m3f.picard.replit.dev%2Fapi%2Fauth%2Fhackclub%2Fcallback&response_type=code&scope=clubs%3Aread+users%3Aread+projects%3Aread&state=yvqjnb HTTP/1.1" 200 23039 "https://85b90c53-5a0c-4e2d-81a1-e85cd83a9551-00-gjhr8sw76m3f.picard.replit.dev/" "Mozilla/5.0 (Windows NT 10.0; Win64; x64) AppleWebKit/537.36 (KHTML, like Gecko) Chrome/137.0.0.0 Safari/537.36" 6111
2025-06-16T23:49:36.103181976Z 172.18.0.95 - - [16/Jun/2025:23:49:36 +0000] "GET /static/assets/logo-rounded.png HTTP/1.1" 304 0 "https://dashboard.hackclub.com/oauth/authorize?client_id=QoU9XofZ_8CV5AFoI3ZxWdcF3r5NO6ZrYjGvFiMIwoE&redirect_uri=https%3A%2F%2F85b90c53-5a0c-4e2d-81a1-e85cd83a9551-00-gjhr8sw76m3f.picard.replit.dev%2Fapi%2Fauth%2Fhackclub%2Fcallback&response_type=code&scope=clubs%3Aread+users%3Aread+projects%3Aread&state=yvqjnb" "Mozilla/5.0 (Windows NT 10.0; Win64; x64) AppleWebKit/537.36 (KHTML, like Gecko) Chrome/137.0.0.0 Safari/537.36" 1108
2025-06-16T23:49:36.160348887Z 172.18.0.95 - - [16/Jun/2025:23:49:36 +0000] "GET /static/assets/Dinos.jpg HTTP/1.1" 304 0 "https://dashboard.hackclub.com/oauth/authorize?client_id=QoU9XofZ_8CV5AFoI3ZxWdcF3r5NO6ZrYjGvFiMIwoE&redirect_uri=https%3A%2F%2F85b90c53-5a0c-4e2d-81a1-e85cd83a9551-00-gjhr8sw76m3f.picard.replit.dev%2Fapi%2Fauth%2Fhackclub%2Fcallback&response_type=code&scope=clubs%3Aread+users%3Aread+projects%3Aread&state=yvqjnb" "Mozilla/5.0 (Windows NT 10.0; Win64; x64) AppleWebKit/537.36 (KHTML, like Gecko) Chrome/137.0.0.0 Safari/537.36" 1083
2025-06-16T23:49:39.577775350Z [2025-06-16 23:49:39,559] ERROR in app: Exception on /oauth/authorize [POST]
2025-06-16T23:49:39.577799836Z Traceback (most recent call last):
2025-06-16T23:49:39.577804795Z   File "/usr/local/lib/python3.11/site-packages/sqlalchemy/engine/base.py", line 1963, in _exec_single_context
2025-06-16T23:49:39.577808803Z     self.dialect.do_execute(
2025-06-16T23:49:39.577812429Z   File "/usr/local/lib/python3.11/site-packages/sqlalchemy/engine/default.py", line 943, in do_execute
2025-06-16T23:49:39.577816116Z     cursor.execute(statement, parameters)
2025-06-16T23:49:39.577819522Z psycopg2.OperationalError: server closed the connection unexpectedly
2025-06-16T23:49:39.577823199Z 	This probably means the server terminated abnormally
2025-06-16T23:49:39.577827047Z 	before or while processing the request.
2025-06-16T23:49:39.577830613Z 
2025-06-16T23:49:39.577833939Z 
2025-06-16T23:49:39.577837235Z The above exception was the direct cause of the following exception:
2025-06-16T23:49:39.577840672Z 
2025-06-16T23:49:39.577843958Z Traceback (most recent call last):
2025-06-16T23:49:39.577847334Z   File "/usr/local/lib/python3.11/site-packages/flask/app.py", line 1511, in wsgi_app
2025-06-16T23:49:39.577850951Z     response = self.full_dispatch_request()
2025-06-16T23:49:39.577854568Z                ^^^^^^^^^^^^^^^^^^^^^^^^^^^^
2025-06-16T23:49:39.577857935Z   File "/usr/local/lib/python3.11/site-packages/flask/app.py", line 919, in full_dispatch_request
2025-06-16T23:49:39.577861451Z     rv = self.handle_user_exception(e)
2025-06-16T23:49:39.577866981Z          ^^^^^^^^^^^^^^^^^^^^^^^^^^^^^
2025-06-16T23:49:39.577870438Z   File "/usr/local/lib/python3.11/site-packages/flask/app.py", line 917, in full_dispatch_request
2025-06-16T23:49:39.577873925Z     rv = self.dispatch_request()
2025-06-16T23:49:39.577877341Z          ^^^^^^^^^^^^^^^^^^^^^^^
2025-06-16T23:49:39.577880737Z   File "/usr/local/lib/python3.11/site-packages/flask/app.py", line 902, in dispatch_request
2025-06-16T23:49:39.577884224Z     return self.ensure_sync(self.view_functions[rule.endpoint])(**view_args)  # type: ignore[no-any-return]
2025-06-16T23:49:39.577887700Z            ^^^^^^^^^^^^^^^^^^^^^^^^^^^^^^^^^^^^^^^^^^^^^^^^^^^^^^^^^^^^^^^^^
2025-06-16T23:49:39.577891186Z   File "/usr/local/lib/python3.11/site-packages/flask_limiter/extension.py", line 1314, in __inner
2025-06-16T23:49:39.577894713Z     return cast(R, flask.current_app.ensure_sync(obj)(*a, **k))
2025-06-16T23:49:39.577898119Z                    ^^^^^^^^^^^^^^^^^^^^^^^^^^^^^^^^^^^^^^^^^^^
2025-06-16T23:49:39.577909862Z   File "/app/main.py", line 3765, in oauth_authorize
2025-06-16T23:49:39.577912278Z     oauth_app = OAuthApplication.query.filter_by(client_id=client_id, is_active=True).first()
2025-06-16T23:49:39.577914562Z                 ^^^^^^^^^^^^^^^^^^^^^^^^^^^^^^^^^^^^^^^^^^^^^^^^^^^^^^^^^^^^^^^^^^^^^^^^^^^^^
2025-06-16T23:49:39.577916776Z   File "/usr/local/lib/python3.11/site-packages/sqlalchemy/orm/query.py", line 2759, in first
2025-06-16T23:49:39.577919841Z     return self.limit(1)._iter().first()  # type: ignore
2025-06-16T23:49:39.577922136Z            ^^^^^^^^^^^^^^^^^^^^^
2025-06-16T23:49:39.577924240Z   File "/usr/local/lib/python3.11/site-packages/sqlalchemy/orm/query.py", line 2857, in _iter
2025-06-16T23:49:39.577926484Z     result: Union[ScalarResult[_T], Result[_T]] = self.session.execute(
2025-06-16T23:49:39.577928638Z                                                   ^^^^^^^^^^^^^^^^^^^^^
2025-06-16T23:49:39.577930812Z   File "/usr/local/lib/python3.11/site-packages/sqlalchemy/orm/session.py", line 2365, in execute
2025-06-16T23:49:39.577933066Z     return self._execute_internal(
2025-06-16T23:49:39.577935250Z            ^^^^^^^^^^^^^^^^^^^^^^^
2025-06-16T23:49:39.577937434Z   File "/usr/local/lib/python3.11/site-packages/sqlalchemy/orm/session.py", line 2251, in _execute_internal
2025-06-16T23:49:39.577939729Z     result: Result[Any] = compile_state_cls.orm_execute_statement(
2025-06-16T23:49:39.577941883Z                           ^^^^^^^^^^^^^^^^^^^^^^^^^^^^^^^^^^^^^^^^
2025-06-16T23:49:39.577944258Z   File "/usr/local/lib/python3.11/site-packages/sqlalchemy/orm/context.py", line 306, in orm_execute_statement
2025-06-16T23:49:39.577946762Z     result = conn.execute(
2025-06-16T23:49:39.577948836Z              ^^^^^^^^^^^^^
2025-06-16T23:49:39.577951000Z   File "/usr/local/lib/python3.11/site-packages/sqlalchemy/engine/base.py", line 1415, in execute
2025-06-16T23:49:39.577953254Z     return meth(
2025-06-16T23:49:39.577955358Z            ^^^^^
2025-06-16T23:49:39.577957432Z   File "/usr/local/lib/python3.11/site-packages/sqlalchemy/sql/elements.py", line 523, in _execute_on_connection
2025-06-16T23:49:39.577959696Z     return connection._execute_clauseelement(
2025-06-16T23:49:39.577961820Z            ^^^^^^^^^^^^^^^^^^^^^^^^^^^^^^^^^^
2025-06-16T23:49:39.577963934Z   File "/usr/local/lib/python3.11/site-packages/sqlalchemy/engine/base.py", line 1637, in _execute_clauseelement
2025-06-16T23:49:39.577966179Z     ret = self._execute_context(
2025-06-16T23:49:39.577968312Z           ^^^^^^^^^^^^^^^^^^^^^^
2025-06-16T23:49:39.577970416Z   File "/usr/local/lib/python3.11/site-packages/sqlalchemy/engine/base.py", line 1842, in _execute_context
2025-06-16T23:49:39.577972650Z     return self._exec_single_context(
2025-06-16T23:49:39.577974765Z            ^^^^^^^^^^^^^^^^^^^^^^^^^^
2025-06-16T23:49:39.577980635Z   File "/usr/local/lib/python3.11/site-packages/sqlalchemy/engine/base.py", line 1982, in _exec_single_context
2025-06-16T23:49:39.577982970Z     self._handle_dbapi_exception(
2025-06-16T23:49:39.577985024Z   File "/usr/local/lib/python3.11/site-packages/sqlalchemy/engine/base.py", line 2351, in _handle_dbapi_exception
2025-06-16T23:49:39.577987268Z     raise sqlalchemy_exception.with_traceback(exc_info[2]) from e
2025-06-16T23:49:39.577989452Z   File "/usr/local/lib/python3.11/site-packages/sqlalchemy/engine/base.py", line 1963, in _exec_single_context
2025-06-16T23:49:39.577991656Z     self.dialect.do_execute(
2025-06-16T23:49:39.577994171Z   File "/usr/local/lib/python3.11/site-packages/sqlalchemy/engine/default.py", line 943, in do_execute
2025-06-16T23:49:39.577996505Z     cursor.execute(statement, parameters)
2025-06-16T23:49:39.577998640Z sqlalchemy.exc.OperationalError: (psycopg2.OperationalError) server closed the connection unexpectedly
2025-06-16T23:49:39.578000884Z 	This probably means the server terminated abnormally
2025-06-16T23:49:39.578003058Z 	before or while processing the request.
2025-06-16T23:49:39.578005172Z 
2025-06-16T23:49:39.578007496Z [SQL: SELECT o_auth_application.id AS o_auth_application_id, o_auth_application.client_id AS o_auth_application_client_id, o_auth_application.client_secret AS o_auth_application_client_secret, o_auth_application.name AS o_auth_application_name, o_auth_application.description AS o_auth_application_description, o_auth_application.redirect_uris AS o_auth_application_redirect_uris, o_auth_application.user_id AS o_auth_application_user_id, o_auth_application.created_at AS o_auth_application_created_at, o_auth_application.is_active AS o_auth_application_is_active, o_auth_application.scopes AS o_auth_application_scopes 
2025-06-16T23:49:39.578011223Z FROM o_auth_application 
2025-06-16T23:49:39.578013657Z WHERE o_auth_application.client_id = %(client_id_1)s AND o_auth_application.is_active = true 
2025-06-16T23:49:39.578016082Z  LIMIT %(param_1)s]
2025-06-16T23:49:39.578018136Z [parameters: {'client_id_1': 'QoU9XofZ_8CV5AFoI3ZxWdcF3r5NO6ZrYjGvFiMIwoE', 'param_1': 1}]
2025-06-16T23:49:39.578020320Z (Background on this error at: https://sqlalche.me/e/20/e3q8)
2025-06-16T23:49:39.618670948Z [2025-06-16 23:49:39 +0000] [10] [ERROR] Error handling request /oauth/authorize?client_id=QoU9XofZ_8CV5AFoI3ZxWdcF3r5NO6ZrYjGvFiMIwoE&redirect_uri=https%3A%2F%2F85b90c53-5a0c-4e2d-81a1-e85cd83a9551-00-gjhr8sw76m3f.picard.replit.dev%2Fapi%2Fauth%2Fhackclub%2Fcallback&response_type=code&scope=clubs%3Aread+users%3Aread+projects%3Aread&state=yvqjnb
2025-06-16T23:49:39.618699101Z Traceback (most recent call last):
2025-06-16T23:49:39.618702338Z   File "/usr/local/lib/python3.11/site-packages/sqlalchemy/engine/base.py", line 1963, in _exec_single_context
2025-06-16T23:49:39.618704992Z     self.dialect.do_execute(
2025-06-16T23:49:39.618707187Z   File "/usr/local/lib/python3.11/site-packages/sqlalchemy/engine/default.py", line 943, in do_execute
2025-06-16T23:49:39.618709501Z     cursor.execute(statement, parameters)
2025-06-16T23:49:39.618720551Z psycopg2.OperationalError: server closed the connection unexpectedly
2025-06-16T23:49:39.618722866Z 	This probably means the server terminated abnormally
2025-06-16T23:49:39.618724990Z 	before or while processing the request.
2025-06-16T23:49:39.618727174Z 
2025-06-16T23:49:39.618729538Z 
2025-06-16T23:49:39.618731572Z The above exception was the direct cause of the following exception:
2025-06-16T23:49:39.618733666Z 
2025-06-16T23:49:39.618735640Z Traceback (most recent call last):
2025-06-16T23:49:39.618737713Z   File "/usr/local/lib/python3.11/site-packages/flask/app.py", line 1511, in wsgi_app
2025-06-16T23:49:39.618739988Z     response = self.full_dispatch_request()
2025-06-16T23:49:39.618742022Z                ^^^^^^^^^^^^^^^^^^^^^^^^^^^^
2025-06-16T23:49:39.618744156Z   File "/usr/local/lib/python3.11/site-packages/flask/app.py", line 919, in full_dispatch_request
2025-06-16T23:49:39.618746360Z     rv = self.handle_user_exception(e)
2025-06-16T23:49:39.618748404Z          ^^^^^^^^^^^^^^^^^^^^^^^^^^^^^
2025-06-16T23:49:39.618750448Z   File "/usr/local/lib/python3.11/site-packages/flask/app.py", line 917, in full_dispatch_request
2025-06-16T23:49:39.618752572Z     rv = self.dispatch_request()
2025-06-16T23:49:39.618754596Z          ^^^^^^^^^^^^^^^^^^^^^^^
2025-06-16T23:49:39.618756609Z   File "/usr/local/lib/python3.11/site-packages/flask/app.py", line 902, in dispatch_request
2025-06-16T23:49:39.618758764Z     return self.ensure_sync(self.view_functions[rule.endpoint])(**view_args)  # type: ignore[no-any-return]
2025-06-16T23:49:39.618760947Z            ^^^^^^^^^^^^^^^^^^^^^^^^^^^^^^^^^^^^^^^^^^^^^^^^^^^^^^^^^^^^^^^^^
2025-06-16T23:49:39.618763081Z   File "/usr/local/lib/python3.11/site-packages/flask_limiter/extension.py", line 1314, in __inner
2025-06-16T23:49:39.618765266Z     return cast(R, flask.current_app.ensure_sync(obj)(*a, **k))
2025-06-16T23:49:39.618767319Z                    ^^^^^^^^^^^^^^^^^^^^^^^^^^^^^^^^^^^^^^^^^^^
2025-06-16T23:49:39.618769373Z   File "/app/main.py", line 3765, in oauth_authorize
2025-06-16T23:49:39.618772178Z     oauth_app = OAuthApplication.query.filter_by(client_id=client_id, is_active=True).first()
2025-06-16T23:49:39.618776597Z                 ^^^^^^^^^^^^^^^^^^^^^^^^^^^^^^^^^^^^^^^^^^^^^^^^^^^^^^^^^^^^^^^^^^^^^^^^^^^^^
2025-06-16T23:49:39.618778771Z   File "/usr/local/lib/python3.11/site-packages/sqlalchemy/orm/query.py", line 2759, in first
2025-06-16T23:49:39.618780995Z     return self.limit(1)._iter().first()  # type: ignore
2025-06-16T23:49:39.618783119Z            ^^^^^^^^^^^^^^^^^^^^^
2025-06-16T23:49:39.618785133Z   File "/usr/local/lib/python3.11/site-packages/sqlalchemy/orm/query.py", line 2857, in _iter
2025-06-16T23:49:39.618787267Z     result: Union[ScalarResult[_T], Result[_T]] = self.session.execute(
2025-06-16T23:49:39.618792977Z                                                   ^^^^^^^^^^^^^^^^^^^^^
2025-06-16T23:49:39.618795202Z   File "/usr/local/lib/python3.11/site-packages/sqlalchemy/orm/session.py", line 2365, in execute
2025-06-16T23:49:39.618797406Z     return self._execute_internal(
2025-06-16T23:49:39.618799509Z            ^^^^^^^^^^^^^^^^^^^^^^^
2025-06-16T23:49:39.618801593Z   File "/usr/local/lib/python3.11/site-packages/sqlalchemy/orm/session.py", line 2251, in _execute_internal
2025-06-16T23:49:39.618803818Z     result: Result[Any] = compile_state_cls.orm_execute_statement(
2025-06-16T23:49:39.618805972Z                           ^^^^^^^^^^^^^^^^^^^^^^^^^^^^^^^^^^^^^^^^
2025-06-16T23:49:39.618808136Z   File "/usr/local/lib/python3.11/site-packages/sqlalchemy/orm/context.py", line 306, in orm_execute_statement
2025-06-16T23:49:39.618810430Z     result = conn.execute(
2025-06-16T23:49:39.618812825Z              ^^^^^^^^^^^^^
2025-06-16T23:49:39.618814838Z   File "/usr/local/lib/python3.11/site-packages/sqlalchemy/engine/base.py", line 1415, in execute
2025-06-16T23:49:39.618817012Z     return meth(
2025-06-16T23:49:39.618819237Z            ^^^^^
2025-06-16T23:49:39.618821241Z   File "/usr/local/lib/python3.11/site-packages/sqlalchemy/sql/elements.py", line 523, in _execute_on_connection
2025-06-16T23:49:39.618823434Z     return connection._execute_clauseelement(
2025-06-16T23:49:39.618826039Z            ^^^^^^^^^^^^^^^^^^^^^^^^^^^^^^^^^^
2025-06-16T23:49:39.618829386Z   File "/usr/local/lib/python3.11/site-packages/sqlalchemy/engine/base.py", line 1637, in _execute_clauseelement
2025-06-16T23:49:39.618832892Z     ret = self._execute_context(
2025-06-16T23:49:39.618836509Z           ^^^^^^^^^^^^^^^^^^^^^^
2025-06-16T23:49:39.618840065Z   File "/usr/local/lib/python3.11/site-packages/sqlalchemy/engine/base.py", line 1842, in _execute_context
2025-06-16T23:49:39.618843923Z     return self._exec_single_context(
2025-06-16T23:49:39.618847380Z            ^^^^^^^^^^^^^^^^^^^^^^^^^^
2025-06-16T23:49:39.618848381Z 172.18.0.95 - - [16/Jun/2025:23:49:39 +0000] "POST /oauth/authorize?client_id=QoU9XofZ_8CV5AFoI3ZxWdcF3r5NO6ZrYjGvFiMIwoE&redirect_uri=https%3A%2F%2F85b90c53-5a0c-4e2d-81a1-e85cd83a9551-00-gjhr8sw76m3f.picard.replit.dev%2Fapi%2Fauth%2Fhackclub%2Fcallback&response_type=code&scope=clubs%3Aread+users%3Aread+projects%3Aread&state=yvqjnb HTTP/1.1" 500 0 "-" "-" 5541
2025-06-16T23:49:39.618851297Z   File "/usr/local/lib/python3.11/site-packages/sqlalchemy/engine/base.py", line 1982, in _exec_single_context
2025-06-16T23:49:39.618855705Z     self._handle_dbapi_exception(
2025-06-16T23:49:39.618870673Z   File "/usr/local/lib/python3.11/site-packages/sqlalchemy/engine/base.py", line 2351, in _handle_dbapi_exception
2025-06-16T23:49:39.618874030Z     raise sqlalchemy_exception.with_traceback(exc_info[2]) from e
2025-06-16T23:49:39.618876705Z   File "/usr/local/lib/python3.11/site-packages/sqlalchemy/engine/base.py", line 1963, in _exec_single_context
2025-06-16T23:49:39.618888246Z     self.dialect.do_execute(
2025-06-16T23:49:39.618890671Z   File "/usr/local/lib/python3.11/site-packages/sqlalchemy/engine/default.py", line 943, in do_execute
2025-06-16T23:49:39.618892955Z     cursor.execute(statement, parameters)
2025-06-16T23:49:39.618895039Z sqlalchemy.exc.OperationalError: (psycopg2.OperationalError) server closed the connection unexpectedly
2025-06-16T23:49:39.618897243Z 	This probably means the server terminated abnormally
2025-06-16T23:49:39.618899447Z 	before or while processing the request.
2025-06-16T23:49:39.618901551Z 
2025-06-16T23:49:39.618903655Z [SQL: SELECT o_auth_application.id AS o_auth_application_id, o_auth_application.client_id AS o_auth_application_client_id, o_auth_application.client_secret AS o_auth_application_client_secret, o_auth_application.name AS o_auth_application_name, o_auth_application.description AS o_auth_application_description, o_auth_application.redirect_uris AS o_auth_application_redirect_uris, o_auth_application.user_id AS o_auth_application_user_id, o_auth_application.created_at AS o_auth_application_created_at, o_auth_application.is_active AS o_auth_application_is_active, o_auth_application.scopes AS o_auth_application_scopes 
2025-06-16T23:49:39.618906831Z FROM o_auth_application 
2025-06-16T23:49:39.618908935Z WHERE o_auth_application.client_id = %(client_id_1)s AND o_auth_application.is_active = true 
2025-06-16T23:49:39.618911119Z  LIMIT %(param_1)s]
2025-06-16T23:49:39.618913153Z [parameters: {'client_id_1': 'QoU9XofZ_8CV5AFoI3ZxWdcF3r5NO6ZrYjGvFiMIwoE', 'param_1': 1}]
2025-06-16T23:49:39.618915286Z (Background on this error at: https://sqlalche.me/e/20/e3q8)
2025-06-16T23:49:39.618917401Z 
2025-06-16T23:49:39.618919385Z During handling of the above exception, another exception occurred:
2025-06-16T23:49:39.618921498Z 
2025-06-16T23:49:39.618923542Z Traceback (most recent call last):
2025-06-16T23:49:39.618925616Z   File "/usr/local/lib/python3.11/site-packages/gunicorn/workers/sync.py", line 134, in handle
2025-06-16T23:49:39.618927830Z     self.handle_request(listener, req, client, addr)
2025-06-16T23:49:39.618929954Z   File "/usr/local/lib/python3.11/site-packages/gunicorn/workers/sync.py", line 177, in handle_request
2025-06-16T23:49:39.618932179Z     respiter = self.wsgi(environ, resp.start_response)
2025-06-16T23:49:39.618934282Z                ^^^^^^^^^^^^^^^^^^^^^^^^^^^^^^^^^^^^^^^
2025-06-16T23:49:39.618937198Z   File "/usr/local/lib/python3.11/site-packages/flask/app.py", line 1536, in __call__
2025-06-16T23:49:39.618939412Z     return self.wsgi_app(environ, start_response)
2025-06-16T23:49:39.618941506Z            ^^^^^^^^^^^^^^^^^^^^^^^^^^^^^^^^^^^^^^
2025-06-16T23:49:39.618943590Z   File "/usr/local/lib/python3.11/site-packages/flask/app.py", line 1514, in wsgi_app
2025-06-16T23:49:39.618945754Z     response = self.handle_exception(e)
2025-06-16T23:49:39.618947798Z                ^^^^^^^^^^^^^^^^^^^^^^^^
2025-06-16T23:49:39.618958718Z   File "/usr/local/lib/python3.11/site-packages/flask/app.py", line 860, in handle_exception
2025-06-16T23:49:39.618961023Z     server_error = self.ensure_sync(handler)(server_error)
2025-06-16T23:49:39.618963117Z                    ^^^^^^^^^^^^^^^^^^^^^^^^^^^^^^^^^^^^^^^
2025-06-16T23:49:39.618965191Z   File "/app/main.py", line 4295, in internal_error
2025-06-16T23:49:39.618967334Z     return render_template('500.html'), 500
2025-06-16T23:49:39.618969378Z            ^^^^^^^^^^^^^^^^^^^^^^^^^^^
2025-06-16T23:49:39.618971442Z   File "/usr/local/lib/python3.11/site-packages/flask/templating.py", line 150, in render_template
2025-06-16T23:49:39.618973616Z     return _render(app, template, context)
2025-06-16T23:49:39.618975650Z            ^^^^^^^^^^^^^^^^^^^^^^^^^^^^^^^
2025-06-16T23:49:39.618977734Z   File "/usr/local/lib/python3.11/site-packages/flask/templating.py", line 131, in _render
2025-06-16T23:49:39.618979888Z     rv = template.render(context)
2025-06-16T23:49:39.618981912Z          ^^^^^^^^^^^^^^^^^^^^^^^^
2025-06-16T23:49:39.618983996Z   File "/usr/local/lib/python3.11/site-packages/jinja2/environment.py", line 1295, in render
2025-06-16T23:49:39.618986160Z     self.environment.handle_exception()
2025-06-16T23:49:39.618988234Z   File "/usr/local/lib/python3.11/site-packages/jinja2/environment.py", line 942, in handle_exception
2025-06-16T23:49:39.618990418Z     raise rewrite_traceback_stack(source=source)
2025-06-16T23:49:39.618992562Z   File "/app/templates/500.html", line 2, in top-level template code
2025-06-16T23:49:39.618994715Z     {% extends "base.html" %}
2025-06-16T23:49:39.618996980Z   File "/app/templates/base.html", line 533, in top-level template code
2025-06-16T23:49:39.618999345Z     {% block content %}{% endblock %}
2025-06-16T23:49:39.619001499Z     ^^^^^^^^^^^^^^^^^^^^^^^^^
2025-06-16T23:49:39.619003673Z   File "/app/templates/500.html", line 339, in block 'content'
2025-06-16T23:49:39.619005877Z     Error ID: {{ request.environ.get('REQUEST_ID', 'HC-' + moment().format('YYYYMMDD-HHmmss')) }}
2025-06-16T23:49:39.619008071Z     ^^^^^^^^^^^^^^^^^^^^^^^^^
2025-06-16T23:49:39.619010165Z   File "/usr/local/lib/python3.11/site-packages/jinja2/utils.py", line 92, in from_obj
2025-06-16T23:49:39.619012359Z     if hasattr(obj, "jinja_pass_arg"):
2025-06-16T23:49:39.619014693Z        ^^^^^^^^^^^^^^^^^^^^^^^^^^^^^^
2025-06-16T23:49:39.619016777Z jinja2.exceptions.UndefinedError: 'moment' is undefined
2025-06-16T23:50:07.004593921Z 172.18.0.95 - - [16/Jun/2025:23:50:07 +0000] "POST /oauth/authorize?client_id=QoU9XofZ_8CV5AFoI3ZxWdcF3r5NO6ZrYjGvFiMIwoE&redirect_uri=https%3A%2F%2F85b90c53-5a0c-4e2d-81a1-e85cd83a9551-00-gjhr8sw76m3f.picard.replit.dev%2Fapi%2Fauth%2Fhackclub%2Fcallback&response_type=code&scope=clubs%3Aread+users%3Aread+projects%3Aread&state=yvqjnb HTTP/1.1" 302 529 "https://dashboard.hackclub.com/oauth/authorize?client_id=QoU9XofZ_8CV5AFoI3ZxWdcF3r5NO6ZrYjGvFiMIwoE&redirect_uri=https%3A%2F%2F85b90c53-5a0c-4e2d-81a1-e85cd83a9551-00-gjhr8sw76m3f.picard.replit.dev%2Fapi%2Fauth%2Fhackclub%2Fcallback&response_type=code&scope=clubs%3Aread+users%3Aread+projects%3Aread&state=yvqjnb" "Mozilla/5.0 (Windows NT 10.0; Win64; x64) AppleWebKit/537.36 (KHTML, like Gecko) Chrome/137.0.0.0 Safari/537.36" 19127
2025-06-16T23:50:10.108424676Z 172.18.0.95 - - [16/Jun/2025:23:50:10 +0000] "POST /oauth/token HTTP/1.1" 200 253 "-" "node" 20535
2025-06-16T23:50:10.249157445Z 172.18.0.95 - - [16/Jun/2025:23:50:10 +0000] "GET /oauth/user HTTP/1.1" 200 196 "-" "node" 7968
2025-06-16T23:50:12.314200944Z 172.18.0.95 - - [16/Jun/2025:23:50:12 +0000] "POST /oauth/token HTTP/1.1" 400 252 "-" "node" 8387
2025-06-16T23:50:32.009372863Z 172.18.0.95 - - [16/Jun/2025:23:50:32 +0000] "GET /oauth/authorize?client_id=QoU9XofZ_8CV5AFoI3ZxWdcF3r5NO6ZrYjGvFiMIwoE&redirect_uri=https%3A%2F%2F85b90c53-5a0c-4e2d-81a1-e85cd83a9551-00-gjhr8sw76m3f.picard.replit.dev%2Fapi%2Fauth%2Fhackclub%2Fcallback&response_type=code&scope=clubs%3Aread+users%3Aread+projects%3Aread&state=kss3m HTTP/1.1" 200 23038 "https://85b90c53-5a0c-4e2d-81a1-e85cd83a9551-00-gjhr8sw76m3f.picard.replit.dev/" "Mozilla/5.0 (Windows NT 10.0; Win64; x64) AppleWebKit/537.36 (KHTML, like Gecko) Chrome/137.0.0.0 Safari/537.36" 5344
2025-06-16T23:50:32.070589914Z 172.18.0.95 - - [16/Jun/2025:23:50:32 +0000] "GET /static/assets/logo-rounded.png HTTP/1.1" 304 0 "https://dashboard.hackclub.com/oauth/authorize?client_id=QoU9XofZ_8CV5AFoI3ZxWdcF3r5NO6ZrYjGvFiMIwoE&redirect_uri=https%3A%2F%2F85b90c53-5a0c-4e2d-81a1-e85cd83a9551-00-gjhr8sw76m3f.picard.replit.dev%2Fapi%2Fauth%2Fhackclub%2Fcallback&response_type=code&scope=clubs%3Aread+users%3Aread+projects%3Aread&state=kss3m" "Mozilla/5.0 (Windows NT 10.0; Win64; x64) AppleWebKit/537.36 (KHTML, like Gecko) Chrome/137.0.0.0 Safari/537.36" 1214
2025-06-16T23:50:32.133336687Z 172.18.0.95 - - [16/Jun/2025:23:50:32 +0000] "GET /static/assets/Dinos.jpg HTTP/1.1" 304 0 "https://dashboard.hackclub.com/oauth/authorize?client_id=QoU9XofZ_8CV5AFoI3ZxWdcF3r5NO6ZrYjGvFiMIwoE&redirect_uri=https%3A%2F%2F85b90c53-5a0c-4e2d-81a1-e85cd83a9551-00-gjhr8sw76m3f.picard.replit.dev%2Fapi%2Fauth%2Fhackclub%2Fcallback&response_type=code&scope=clubs%3Aread+users%3Aread+projects%3Aread&state=kss3m" "Mozilla/5.0 (Windows NT 10.0; Win64; x64) AppleWebKit/537.36 (KHTML, like Gecko) Chrome/137.0.0.0 Safari/537.36" 1075
2025-06-16T23:50:33.454896071Z 172.18.0.95 - - [16/Jun/2025:23:50:33 +0000] "POST /oauth/authorize?client_id=QoU9XofZ_8CV5AFoI3ZxWdcF3r5NO6ZrYjGvFiMIwoE&redirect_uri=https%3A%2F%2F85b90c53-5a0c-4e2d-81a1-e85cd83a9551-00-gjhr8sw76m3f.picard.replit.dev%2Fapi%2Fauth%2Fhackclub%2Fcallback&response_type=code&scope=clubs%3Aread+users%3Aread+projects%3Aread&state=kss3m HTTP/1.1" 302 527 "https://dashboard.hackclub.com/oauth/authorize?client_id=QoU9XofZ_8CV5AFoI3ZxWdcF3r5NO6ZrYjGvFiMIwoE&redirect_uri=https%3A%2F%2F85b90c53-5a0c-4e2d-81a1-e85cd83a9551-00-gjhr8sw76m3f.picard.replit.dev%2Fapi%2Fauth%2Fhackclub%2Fcallback&response_type=code&scope=clubs%3Aread+users%3Aread+projects%3Aread&state=kss3m" "Mozilla/5.0 (Windows NT 10.0; Win64; x64) AppleWebKit/537.36 (KHTML, like Gecko) Chrome/137.0.0.0 Safari/537.36" 9708
2025-06-16T23:50:33.802460413Z 172.18.0.95 - - [16/Jun/2025:23:50:33 +0000] "POST /oauth/token HTTP/1.1" 200 253 "-" "node" 12224
2025-06-16T23:50:33.953647451Z 172.18.0.95 - - [16/Jun/2025:23:50:33 +0000] "GET /oauth/user HTTP/1.1" 200 196 "-" "node" 15160
2025-06-16T23:50:36.059123101Z 172.18.0.95 - - [16/Jun/2025:23:50:36 +0000] "POST /oauth/token HTTP/1.1" 400 252 "-" "node" 6466
2025-06-16T23:50:43.509501346Z 172.18.0.95 - - [16/Jun/2025:23:50:43 +0000] "GET /oauth/authorize?client_id=QoU9XofZ_8CV5AFoI3ZxWdcF3r5NO6ZrYjGvFiMIwoE&redirect_uri=https%3A%2F%2F85b90c53-5a0c-4e2d-81a1-e85cd83a9551-00-gjhr8sw76m3f.picard.replit.dev%2Fapi%2Fauth%2Fhackclub%2Fcallback&response_type=code&scope=clubs%3Aread+users%3Aread+projects%3Aread&state=wnduxc HTTP/1.1" 200 23039 "https://85b90c53-5a0c-4e2d-81a1-e85cd83a9551-00-gjhr8sw76m3f.picard.replit.dev/" "Mozilla/5.0 (Windows NT 10.0; Win64; x64) AppleWebKit/537.36 (KHTML, like Gecko) Chrome/137.0.0.0 Safari/537.36" 16604
2025-06-16T23:50:43.572446159Z 172.18.0.95 - - [16/Jun/2025:23:50:43 +0000] "GET /static/assets/logo-rounded.png HTTP/1.1" 304 0 "https://dashboard.hackclub.com/oauth/authorize?client_id=QoU9XofZ_8CV5AFoI3ZxWdcF3r5NO6ZrYjGvFiMIwoE&redirect_uri=https%3A%2F%2F85b90c53-5a0c-4e2d-81a1-e85cd83a9551-00-gjhr8sw76m3f.picard.replit.dev%2Fapi%2Fauth%2Fhackclub%2Fcallback&response_type=code&scope=clubs%3Aread+users%3Aread+projects%3Aread&state=wnduxc" "Mozilla/5.0 (Windows NT 10.0; Win64; x64) AppleWebKit/537.36 (KHTML, like Gecko) Chrome/137.0.0.0 Safari/537.36" 1046
2025-06-16T23:50:43.625354581Z 172.18.0.95 - - [16/Jun/2025:23:50:43 +0000] "GET /static/assets/Dinos.jpg HTTP/1.1" 304 0 "https://dashboard.hackclub.com/oauth/authorize?client_id=QoU9XofZ_8CV5AFoI3ZxWdcF3r5NO6ZrYjGvFiMIwoE&redirect_uri=https%3A%2F%2F85b90c53-5a0c-4e2d-81a1-e85cd83a9551-00-gjhr8sw76m3f.picard.replit.dev%2Fapi%2Fauth%2Fhackclub%2Fcallback&response_type=code&scope=clubs%3Aread+users%3Aread+projects%3Aread&state=wnduxc" "Mozilla/5.0 (Windows NT 10.0; Win64; x64) AppleWebKit/537.36 (KHTML, like Gecko) Chrome/137.0.0.0 Safari/537.36" 1123
2025-06-16T23:50:44.641967525Z 172.18.0.95 - - [16/Jun/2025:23:50:44 +0000] "POST /oauth/authorize?client_id=QoU9XofZ_8CV5AFoI3ZxWdcF3r5NO6ZrYjGvFiMIwoE&redirect_uri=https%3A%2F%2F85b90c53-5a0c-4e2d-81a1-e85cd83a9551-00-gjhr8sw76m3f.picard.replit.dev%2Fapi%2Fauth%2Fhackclub%2Fcallback&response_type=code&scope=clubs%3Aread+users%3Aread+projects%3Aread&state=wnduxc HTTP/1.1" 302 529 "https://dashboard.hackclub.com/oauth/authorize?client_id=QoU9XofZ_8CV5AFoI3ZxWdcF3r5NO6ZrYjGvFiMIwoE&redirect_uri=https%3A%2F%2F85b90c53-5a0c-4e2d-81a1-e85cd83a9551-00-gjhr8sw76m3f.picard.replit.dev%2Fapi%2Fauth%2Fhackclub%2Fcallback&response_type=code&scope=clubs%3Aread+users%3Aread+projects%3Aread&state=wnduxc" "Mozilla/5.0 (Windows NT 10.0; Win64; x64) AppleWebKit/537.36 (KHTML, like Gecko) Chrome/137.0.0.0 Safari/537.36" 9603
2025-06-16T23:50:44.819383540Z 172.18.0.95 - - [16/Jun/2025:23:50:44 +0000] "POST /oauth/token HTTP/1.1" 200 253 "-" "node" 10224
2025-06-16T23:50:44.954277204Z 172.18.0.95 - - [16/Jun/2025:23:50:44 +0000] "GET /oauth/user HTTP/1.1" 200 196 "-" "node" 4789